TN:
SF:D:\DOWNLOADS\Mon hoc\BTPM\Seminar\bypassing-authen-schema\server\app.js
FNF:0
FNH:0
DA:1,1
DA:2,1
DA:3,1
DA:4,1
DA:6,1
DA:9,1
DA:10,0
DA:13,1
DA:16,1
DA:19,1
LF:10
LH:9
BRDA:9,0,0,0
BRDA:9,0,1,1
BRF:2
BRH:1
end_of_record
TN:
SF:D:\DOWNLOADS\Mon hoc\BTPM\Seminar\bypassing-authen-schema\server\_database\knexfile.js
FNF:0
FNH:0
DA:3,1
LF:1
LH:1
BRF:0
BRH:0
end_of_record
TN:
SF:D:\DOWNLOADS\Mon hoc\BTPM\Seminar\bypassing-authen-schema\server\controllers\users.js
FN:8,(anonymous_0)
FN:18,(anonymous_1)
FN:28,(anonymous_2)
FN:53,(anonymous_3)
FN:59,(anonymous_4)
FNF:5
FNH:5
FNDA:1,(anonymous_0)
FNDA:4,(anonymous_1)
FNDA:1,(anonymous_2)
FNDA:3,(anonymous_3)
FNDA:5,(anonymous_4)
DA:1,1
DA:2,1
DA:3,1
DA:5,1
DA:6,1
DA:8,1
DA:10,1
DA:13,1
DA:15,1
DA:18,1
DA:19,4
DA:27,1
DA:29,1
DA:32,1
DA:33,1
DA:34,0
DA:39,1
DA:42,1
DA:44,1
DA:45,0
DA:49,1
DA:50,1
DA:55,3
DA:56,3
DA:61,5
DA:62,5
LF:26
LH:24
BRDA:33,0,0,0
BRDA:33,0,1,1
BRDA:44,1,0,0
BRDA:44,1,1,1
BRF:4
BRH:2
end_of_record
TN:
SF:D:\DOWNLOADS\Mon hoc\BTPM\Seminar\bypassing-authen-schema\server\models\user.js
FN:10,(anonymous_0)
FNF:1
FNH:1
FNDA:26,(anonymous_0)
DA:1,1
DA:2,1
DA:4,1
DA:6,1
DA:7,1
DA:11,26
DA:15,1
LF:7
LH:7
BRDA:6,0,0,1
BRDA:6,0,1,0
BRF:2
BRH:1
end_of_record
TN:
SF:D:\DOWNLOADS\Mon hoc\BTPM\Seminar\bypassing-authen-schema\server\routes\index.js
FN:7,(anonymous_0)
FNF:1
FNH:0
FNDA:0,(anonymous_0)
DA:1,1
DA:3,1
DA:5,1
DA:7,1
DA:14,0
DA:15,0
DA:18,1
DA:20,1
LF:8
LH:6
BRF:0
BRH:0
end_of_record
TN:
SF:D:\DOWNLOADS\Mon hoc\BTPM\Seminar\bypassing-authen-schema\server\routes\users.js
FN:16,(anonymous_0)
FN:41,(anonymous_1)
FNF:2
FNH:2
FNDA:2,(anonymous_0)
FNDA:3,(anonymous_1)
DA:1,1
DA:2,1
DA:4,1
DA:5,1
DA:6,1
DA:7,1
DA:9,1
DA:12,1
DA:15,1
DA:17,2
DA:18,2
DA:21,2
DA:22,0
DA:24,2
DA:25,2
DA:28,1
DA:31,1
DA:34,1
DA:37,1
DA:40,1
DA:42,3
DA:45,1
LF:22
LH:21
BRDA:21,0,0,0
BRDA:21,0,1,2
BRDA:42,1,0,1
BRDA:42,1,1,2
BRF:4
BRH:3
end_of_record
TN:
SF:D:\DOWNLOADS\Mon hoc\BTPM\Seminar\bypassing-authen-schema\server\utils\configurations.js
FNF:0
FNH:0
DA:1,1
LF:1
LH:1
BRF:0
BRH:0
end_of_record
TN:
SF:D:\DOWNLOADS\Mon hoc\BTPM\Seminar\bypassing-authen-schema\server\utils\databaseHelpers.js
FN:11,(anonymous_0)
FN:12,(anonymous_1)
FNF:2
FNH:0
FNDA:0,(anonymous_0)
FNDA:0,(anonymous_1)
DA:1,1
DA:3,1
DA:10,1
DA:12,0
DA:13,0
DA:15,0
LF:6
LH:3
BRDA:13,0,0,0
BRDA:13,0,1,0
BRF:2
BRH:0
end_of_record
TN:
SF:D:\DOWNLOADS\Mon hoc\BTPM\Seminar\bypassing-authen-schema\server\utils\passport.js
FN:19,(anonymous_0)
FN:47,(anonymous_1)
FN:89,(anonymous_2)
FN:92,(anonymous_3)
FN:98,(anonymous_4)
FN:102,(anonymous_5)
FN:132,(anonymous_6)
FN:135,(anonymous_7)
FN:141,(anonymous_8)
FN:145,(anonymous_9)
FN:169,(anonymous_10)
FNF:11
FNH:3
FNDA:1,(anonymous_0)
FNDA:2,(anonymous_1)
FNDA:0,(anonymous_2)
FNDA:0,(anonymous_3)
FNDA:0,(anonymous_4)
FNDA:0,(anonymous_5)
FNDA:0,(anonymous_6)
FNDA:0,(anonymous_7)
FNDA:0,(anonymous_8)
FNDA:0,(anonymous_9)
FNDA:2,(anonymous_10)
DA:1,1
DA:2,1
DA:3,1
DA:4,1
DA:5,1
DA:6,1
DA:7,1
DA:9,1
DA:10,1
DA:11,1
DA:16,1
DA:20,1
DA:22,1
DA:23,1
DA:25,0
DA:27,1
DA:40,0
DA:47,1
DA:48,2
DA:50,2
DA:51,2
DA:53,0
DA:57,2
DA:58,1
DA:61,1
DA:79,0
DA:86,1
DA:90,0
DA:92,0
DA:93,0
DA:96,0
DA:99,0
DA:102,0
DA:103,0
DA:104,0
DA:105,0
DA:110,0
DA:116,0
DA:117,0
DA:122,0
DA:129,1
DA:133,0
DA:135,0
DA:136,0
DA:139,0
DA:142,0
DA:145,0
DA:146,0
DA:147,0
DA:148,0
DA:153,0
DA:159,0
DA:160,0
DA:165,0
DA:169,1
DA:170,2
DA:173,1
LF:57
LH:27
BRDA:23,0,0,0
BRDA:23,0,1,1
BRDA:51,1,0,0
BRDA:51,1,1,2
BRDA:57,2,0,1
BRDA:57,2,1,1
BRDA:93,3,0,0
BRDA:93,3,1,0
BRDA:99,4,0,0
BRDA:99,4,1,0
BRDA:136,5,0,0
BRDA:136,5,1,0
BRDA:142,6,0,0
BRDA:142,6,1,0
BRF:14
BRH:4
end_of_record
TN:
SF:D:\DOWNLOADS\Mon hoc\BTPM\Seminar\bypassing-authen-schema\server\utils\routeHelpers.js
FN:4,(anonymous_0)
FN:5,(anonymous_1)
FNF:2
FNH:2
FNDA:2,(anonymous_0)
FNDA:3,(anonymous_1)
DA:1,1
DA:3,1
DA:5,2
DA:6,3
DA:9,3
DA:10,0
DA:14,3
DA:15,3
DA:17,3
DA:18,3
LF:10
LH:9
BRDA:9,0,0,0
BRDA:9,0,1,3
BRDA:14,1,0,3
BRDA:14,1,1,0
BRF:4
BRH:2
end_of_record
